<?xml version="1.0" encoding="UTF-8"?>
<!-- Generated by org.testng.reporters.JUnitReportReporter -->
<testsuite hostname="DESKTOP-3RHQS1L" failures="0" tests="1" name="com.hrm.project.test.addProjectTest" time="2.869" errors="0" timestamp="2024-08-13T12:14:19 IST" skipped="0">
  <testcase classname="com.hrm.project.test.addProjectTest" name="addSingleProjectWithCreated" time="2.869"/>
</testsuite> <!-- com.hrm.project.test.addProjectTest -->
